#! /c/Source/iverilog-install/bin/vvp
:ivl_version "12.0 (devel)" "(s20150603-1539-g2693dd32b)";
:ivl_delay_selection "TYPICAL";
:vpi_time_precision - 12;
:vpi_module "C:\iverilog\lib\ivl\system.vpi";
:vpi_module "C:\iverilog\lib\ivl\vhdl_sys.vpi";
:vpi_module "C:\iverilog\lib\ivl\vhdl_textio.vpi";
:vpi_module "C:\iverilog\lib\ivl\v2005_math.vpi";
:vpi_module "C:\iverilog\lib\ivl\va_math.vpi";
S_000002adca11b130 .scope module, "stopwatch_tb" "stopwatch_tb" 2 20;
 .timescale -9 -12;
v000002adca11b590_0 .var "c1", 7 0;
v000002adca11b630_0 .var "c2", 7 0;
v000002adca11b6d0_0 .var "c3", 7 0;
v000002adca1241a0_0 .var "c4", 7 0;
v000002adca123fc0_0 .var "clk", 0 0;
v000002adca124060_0 .var "do_reset", 0 0;
v000002adca1237a0_0 .var "do_start", 0 0;
v000002adca123ca0_0 .var "do_stop", 0 0;
v000002adca124420_0 .var "do_tick", 0 0;
v000002adca123ac0_0 .var/i "f", 31 0;
v000002adca1244c0_0 .var "in_running", 0 0;
v000002adca124560_0 .var "in_seconds", 31 0;
v000002adca1242e0_0 .net "out_running", 0 0, v000002adca11b450_0;  1 drivers
v000002adca124240_0 .net "out_seconds", 31 0, v000002adca11b4f0_0;  1 drivers
v000002adca123d40_0 .var/i "r", 31 0;
S_000002adca12e420 .scope module, "uut" "stopwatch" 2 39, 3 10 0, S_000002adca11b130;
 .timescale -9 -12;
    .port_info 0 /INPUT 1 "clk";
    .port_info 1 /INPUT 1 "do_tick";
    .port_info 2 /INPUT 1 "do_reset";
    .port_info 3 /INPUT 1 "do_start";
    .port_info 4 /INPUT 1 "do_stop";
    .port_info 5 /INPUT 32 "in_seconds";
    .port_info 6 /INPUT 1 "in_running";
    .port_info 7 /OUTPUT 32 "out_seconds";
    .port_info 8 /OUTPUT 1 "out_running";
v000002adca11ae90_0 .net "clk", 0 0, v000002adca123fc0_0;  1 drivers
v000002adca11af30_0 .net "do_reset", 0 0, v000002adca124060_0;  1 drivers
v000002adca0f2b20_0 .net "do_start", 0 0, v000002adca1237a0_0;  1 drivers
v000002adca12e5b0_0 .net "do_stop", 0 0, v000002adca123ca0_0;  1 drivers
v000002adca12e650_0 .net "do_tick", 0 0, v000002adca124420_0;  1 drivers
v000002adca12e6f0_0 .net "in_running", 0 0, v000002adca1244c0_0;  1 drivers
v000002adca12e790_0 .net "in_seconds", 31 0, v000002adca124560_0;  1 drivers
v000002adca11b450_0 .var "out_running", 0 0;
v000002adca11b4f0_0 .var "out_seconds", 31 0;
E_000002adca119240 .event posedge, v000002adca11ae90_0;
    .scope S_000002adca12e420;
T_0 ;
    %wait E_000002adca119240;
    %load/vec4 v000002adca12e790_0;
    %assign/vec4 v000002adca11b4f0_0, 0;
    %load/vec4 v000002adca12e6f0_0;
    %assign/vec4 v000002adca11b450_0, 0;
    %load/vec4 v000002adca11af30_0;
    %flag_set/vec4 8;
    %jmp/0xz  T_0.0, 8;
    %pushi/vec4 0, 0, 32;
    %assign/vec4 v000002adca11b4f0_0, 0;
    %pushi/vec4 0, 0, 1;
    %assign/vec4 v000002adca11b450_0, 0;
    %jmp T_0.1;
T_0.0 ;
    %load/vec4 v000002adca0f2b20_0;
    %flag_set/vec4 8;
    %jmp/0xz  T_0.2, 8;
    %pushi/vec4 1, 0, 1;
    %assign/vec4 v000002adca11b450_0, 0;
    %jmp T_0.3;
T_0.2 ;
    %load/vec4 v000002adca12e5b0_0;
    %flag_set/vec4 8;
    %jmp/0xz  T_0.4, 8;
    %pushi/vec4 0, 0, 1;
    %assign/vec4 v000002adca11b450_0, 0;
    %jmp T_0.5;
T_0.4 ;
    %load/vec4 v000002adca12e650_0;
    %flag_set/vec4 9;
    %flag_get/vec4 9;
    %jmp/0 T_0.8, 9;
    %load/vec4 v000002adca11b450_0;
    %and;
T_0.8;
    %flag_set/vec4 8;
    %jmp/0xz  T_0.6, 8;
    %load/vec4 v000002adca12e790_0;
    %addi 1, 0, 32;
    %assign/vec4 v000002adca11b4f0_0, 0;
    %pushi/vec4 1, 0, 1;
    %assign/vec4 v000002adca11b450_0, 0;
T_0.6 ;
T_0.5 ;
T_0.3 ;
T_0.1 ;
    %jmp T_0;
    .thread T_0;
    .scope S_000002adca11b130;
T_1 ;
    %pushi/vec4 0, 0, 1;
    %store/vec4 v000002adca123fc0_0, 0, 1;
    %pushi/vec4 0, 0, 1;
    %store/vec4 v000002adca124420_0, 0, 1;
    %pushi/vec4 0, 0, 1;
    %store/vec4 v000002adca124060_0, 0, 1;
    %pushi/vec4 0, 0, 1;
    %store/vec4 v000002adca1237a0_0, 0, 1;
    %pushi/vec4 0, 0, 1;
    %store/vec4 v000002adca123ca0_0, 0, 1;
    %pushi/vec4 0, 0, 32;
    %store/vec4 v000002adca124560_0, 0, 32;
    %pushi/vec4 0, 0, 1;
    %store/vec4 v000002adca1244c0_0, 0, 1;
    %end;
    .thread T_1;
    .scope S_000002adca11b130;
T_2 ;
    %delay 5000, 0;
    %load/vec4 v000002adca123fc0_0;
    %inv;
    %store/vec4 v000002adca123fc0_0, 0, 1;
    %jmp T_2;
    .thread T_2;
    .scope S_000002adca11b130;
T_3 ;
    %vpi_func 2 71 "$fopen" 32, "time.txt", "r" {0 0 0};
    %store/vec4 v000002adca123ac0_0, 0, 32;
    %load/vec4 v000002adca123ac0_0;
    %cmpi/ne 0, 0, 32;
    %jmp/0xz  T_3.0, 4;
    %vpi_func 2 73 "$fscanf" 32, v000002adca123ac0_0, "%d", v000002adca124560_0 {0 0 0};
    %store/vec4 v000002adca123d40_0, 0, 32;
    %vpi_call 2 74 "$fclose", v000002adca123ac0_0 {0 0 0};
T_3.0 ;
    %vpi_func 2 82 "$fopen" 32, "status.txt", "r" {0 0 0};
    %store/vec4 v000002adca123ac0_0, 0, 32;
    %load/vec4 v000002adca123ac0_0;
    %cmpi/ne 0, 0, 32;
    %jmp/0xz  T_3.2, 4;
    %vpi_func 2 84 "$fscanf" 32, v000002adca123ac0_0, "RUNNING=%d", v000002adca1244c0_0 {0 0 0};
    %store/vec4 v000002adca123d40_0, 0, 32;
    %vpi_call 2 85 "$fclose", v000002adca123ac0_0 {0 0 0};
T_3.2 ;
    %pushi/vec4 0, 0, 1;
    %store/vec4 v000002adca124420_0, 0, 1;
    %pushi/vec4 0, 0, 1;
    %store/vec4 v000002adca124060_0, 0, 1;
    %pushi/vec4 0, 0, 1;
    %store/vec4 v000002adca1237a0_0, 0, 1;
    %pushi/vec4 0, 0, 1;
    %store/vec4 v000002adca123ca0_0, 0, 1;
    %vpi_func 2 101 "$fopen" 32, "action.txt", "r" {0 0 0};
    %store/vec4 v000002adca123ac0_0, 0, 32;
    %load/vec4 v000002adca123ac0_0;
    %cmpi/ne 0, 0, 32;
    %jmp/0xz  T_3.4, 4;
    %vpi_func 2 103 "$fscanf" 32, v000002adca123ac0_0, "%c%c%c%c", v000002adca11b590_0, v000002adca11b630_0, v000002adca11b6d0_0, v000002adca1241a0_0 {0 0 0};
    %store/vec4 v000002adca123d40_0, 0, 32;
    %vpi_call 2 104 "$fclose", v000002adca123ac0_0 {0 0 0};
    %load/vec4 v000002adca11b590_0;
    %load/vec4 v000002adca11b630_0;
    %concat/vec4; draw_concat_vec4
    %load/vec4 v000002adca11b6d0_0;
    %concat/vec4; draw_concat_vec4
    %load/vec4 v000002adca1241a0_0;
    %concat/vec4; draw_concat_vec4
    %pushi/vec4 1414087499, 0, 32; draw_string_vec4
    %cmp/e;
    %jmp/0xz  T_3.6, 4;
    %pushi/vec4 1, 0, 1;
    %store/vec4 v000002adca124420_0, 0, 1;
    %jmp T_3.7;
T_3.6 ;
    %load/vec4 v000002adca11b590_0;
    %load/vec4 v000002adca11b630_0;
    %concat/vec4; draw_concat_vec4
    %load/vec4 v000002adca11b6d0_0;
    %concat/vec4; draw_concat_vec4
    %load/vec4 v000002adca1241a0_0;
    %concat/vec4; draw_concat_vec4
    %pushi/vec4 1398030674, 0, 32; draw_string_vec4
    %cmp/e;
    %jmp/0xz  T_3.8, 4;
    %pushi/vec4 1, 0, 1;
    %store/vec4 v000002adca1237a0_0, 0, 1;
    %jmp T_3.9;
T_3.8 ;
    %load/vec4 v000002adca11b590_0;
    %load/vec4 v000002adca11b630_0;
    %concat/vec4; draw_concat_vec4
    %load/vec4 v000002adca11b6d0_0;
    %concat/vec4; draw_concat_vec4
    %load/vec4 v000002adca1241a0_0;
    %concat/vec4; draw_concat_vec4
    %pushi/vec4 1398034256, 0, 32; draw_string_vec4
    %cmp/e;
    %jmp/0xz  T_3.10, 4;
    %pushi/vec4 1, 0, 1;
    %store/vec4 v000002adca123ca0_0, 0, 1;
    %jmp T_3.11;
T_3.10 ;
    %load/vec4 v000002adca11b590_0;
    %load/vec4 v000002adca11b630_0;
    %concat/vec4; draw_concat_vec4
    %load/vec4 v000002adca11b6d0_0;
    %concat/vec4; draw_concat_vec4
    %load/vec4 v000002adca1241a0_0;
    %concat/vec4; draw_concat_vec4
    %pushi/vec4 1380275013, 0, 32; draw_string_vec4
    %cmp/e;
    %jmp/0xz  T_3.12, 4;
    %pushi/vec4 1, 0, 1;
    %store/vec4 v000002adca124060_0, 0, 1;
T_3.12 ;
T_3.11 ;
T_3.9 ;
T_3.7 ;
T_3.4 ;
    %pushi/vec4 4, 0, 32;
T_3.14 %dup/vec4;
    %pushi/vec4 0, 0, 32;
    %cmp/s;
    %jmp/1xz T_3.15, 5;
    %jmp/1 T_3.15, 4;
    %pushi/vec4 1, 0, 32;
    %sub;
    %wait E_000002adca119240;
    %jmp T_3.14;
T_3.15 ;
    %pop/vec4 1;
    %vpi_func 2 121 "$fopen" 32, "time.txt", "w" {0 0 0};
    %store/vec4 v000002adca123ac0_0, 0, 32;
    %vpi_call 2 122 "$fwrite", v000002adca123ac0_0, "%0d\012", v000002adca124240_0 {0 0 0};
    %vpi_call 2 123 "$fclose", v000002adca123ac0_0 {0 0 0};
    %vpi_func 2 128 "$fopen" 32, "status.txt", "w" {0 0 0};
    %store/vec4 v000002adca123ac0_0, 0, 32;
    %vpi_call 2 129 "$fwrite", v000002adca123ac0_0, "RUNNING=%0d\012", v000002adca1242e0_0 {0 0 0};
    %vpi_call 2 130 "$fclose", v000002adca123ac0_0 {0 0 0};
    %vpi_call 2 135 "$display", "ACTION=%c%c%c%c  SECONDS=%0d  RUNNING=%0d", v000002adca11b590_0, v000002adca11b630_0, v000002adca11b6d0_0, v000002adca1241a0_0, v000002adca124240_0, v000002adca1242e0_0 {0 0 0};
    %vpi_call 2 141 "$finish" {0 0 0};
    %end;
    .thread T_3;
# The file index is used to find the file name in the following table.
:file_names 4;
    "N/A";
    "<interactive>";
    "stopwatch_tb.v";
    "stopwatch.v";
